<?xml version="1.0" encoding="UTF-8"?>
<!-- Generated by org.testng.reporters.JUnitReportReporter -->
<testsuite hostname="deepsagarreddy" failures="0" tests="1" name="com.automation.test.randomTest" time="35.720" errors="0" timestamp="10 Mar 2021 11:03:09 GMT" skipped="0">
  <testcase classname="com.automation.test.randomTest" name="homepagetest" time="35.720"/>
</testsuite> <!-- com.automation.test.randomTest -->
